15:03:57 **** Incremental Build of configuration Debug for project LCDTFTDRIVEREXAM ****
make -j8 all 
arm-none-eabi-g++ "../Core/Src/TFT_ST7735.cpp" -mcpu=cortex-m4 -std=gnu++14 -g3 -DDEBUG -DUSE_HAL_DRIVER -DSTM32F446xx -c -I../Core/Inc -I../Drivers/STM32F4xx_HAL_Driver/Inc -I../Drivers/STM32F4xx_HAL_Driver/Inc/Legacy -I../Drivers/CMSIS/Device/ST/STM32F4xx/Include -I../Drivers/CMSIS/Include -O0 -ffunction-sections -fdata-sections -fno-exceptions -fno-rtti -fno-use-cxa-atexit -Wall -fstack-usage -fcyclomatic-complexity -MMD -MP -MF"Core/Src/TFT_ST7735.d" -MT"Core/Src/TFT_ST7735.o" --specs=nano.specs -mfpu=fpv4-sp-d16 -mfloat-abi=hard -mthumb -o "Core/Src/TFT_ST7735.o"
arm-none-eabi-g++ "../Core/Src/main.cpp" -mcpu=cortex-m4 -std=gnu++14 -g3 -DDEBUG -DUSE_HAL_DRIVER -DSTM32F446xx -c -I../Core/Inc -I../Drivers/STM32F4xx_HAL_Driver/Inc -I../Drivers/STM32F4xx_HAL_Driver/Inc/Legacy -I../Drivers/CMSIS/Device/ST/STM32F4xx/Include -I../Drivers/CMSIS/Include -O0 -ffunction-sections -fdata-sections -fno-exceptions -fno-rtti -fno-use-cxa-atexit -Wall -fstack-usage -fcyclomatic-complexity -MMD -MP -MF"Core/Src/main.d" -MT"Core/Src/main.o" --specs=nano.specs -mfpu=fpv4-sp-d16 -mfloat-abi=hard -mthumb -o "Core/Src/main.o"
arm-none-eabi-g++ -o "LCDTFTDRIVEREXAM.elf" @"objects.list"   -mcpu=cortex-m4 -T"/home/kevin/STM32CubeIDE/TFTDRIVER/LCDTFTDRIVEREXAM/STM32F446ZETX_FLASH.ld" --specs=nosys.specs -Wl,-Map="LCDTFTDRIVEREXAM.map" -Wl,--gc-sections -static --specs=nano.specs -mfpu=fpv4-sp-d16 -mfloat-abi=hard -mthumb -Wl,--start-group -lc -lm -lstdc++ -lsupc++ -Wl,--end-group
/opt/st/stm32cubeide_1.19.0/plugins/com.st.stm32cube.ide.mcu.externaltools.gnu-tools-for-stm32.13.3.rel1.linux64_1.0.0.202410170706/tools/bin/../lib/gcc/arm-none-eabi/13.3.1/../../../../arm-none-eabi/bin/ld: ./Core/Src/main.o:/home/kevin/STM32CubeIDE/TFTDRIVER/LCDTFTDRIVEREXAM/Debug/../Core/Inc/TFT_ST7735.h:84: multiple definition of `init_cmd'; ./Core/Src/TFT_ST7735.o:/home/kevin/STM32CubeIDE/TFTDRIVER/LCDTFTDRIVEREXAM/Debug/../Core/Inc/TFT_ST7735.h:84: first defined here
collect2: error: ld returned 1 exit status
make: *** [makefile:88: LCDTFTDRIVEREXAM.elf] Error 1
"make -j8 all" terminated with exit code 2. Build might be incomplete.

15:03:58 Build Failed. 2 errors, 0 warnings. (took 718ms)

