14:44:27 **** Incremental Build of configuration Debug for project COMPLEXCALBLACKPILL ****
make -j8 all 
arm-none-eabi-gcc "../Core/Src/conf.c" -mcpu=cortex-m4 -std=gnu11 -g3 -DDEBUG -DUSE_HAL_DRIVER -DSTM32F411xE -c -I../Core/Inc -I../Drivers/STM32F4xx_HAL_Driver/Inc -I../Drivers/STM32F4xx_HAL_Driver/Inc/Legacy -I../Drivers/CMSIS/Device/ST/STM32F4xx/Include -I../Drivers/CMSIS/Include -O0 -ffunction-sections -fdata-sections -Wall -fstack-usage -fcyclomatic-complexity -MMD -MP -MF"Core/Src/conf.d" -MT"Core/Src/conf.o" --specs=nano.specs -mfpu=fpv4-sp-d16 -mfloat-abi=hard -mthumb -o "Core/Src/conf.o"
arm-none-eabi-gcc "../Core/Src/main.c" -mcpu=cortex-m4 -std=gnu11 -g3 -DDEBUG -DUSE_HAL_DRIVER -DSTM32F411xE -c -I../Core/Inc -I../Drivers/STM32F4xx_HAL_Driver/Inc -I../Drivers/STM32F4xx_HAL_Driver/Inc/Legacy -I../Drivers/CMSIS/Device/ST/STM32F4xx/Include -I../Drivers/CMSIS/Include -O0 -ffunction-sections -fdata-sections -Wall -fstack-usage -fcyclomatic-complexity -MMD -MP -MF"Core/Src/main.d" -MT"Core/Src/main.o" --specs=nano.specs -mfpu=fpv4-sp-d16 -mfloat-abi=hard -mthumb -o "Core/Src/main.o"
../Core/Src/main.c: In function 'main':
../Core/Src/main.c:121:3: warning: implicit declaration of function 'confRCC' [-Wimplicit-function-declaration]
  121 |   confRCC();
      |   ^~~~~~~
../Core/Src/main.c:122:3: warning: implicit declaration of function 'confGPIO' [-Wimplicit-function-declaration]
  122 |   confGPIO();
      |   ^~~~~~~~
../Core/Src/main.c:128:9: warning: unused variable 'endptr' [-Wunused-variable]
  128 |   char *endptr;
      |         ^~~~~~
../Core/Src/main.c:127:9: warning: unused variable 'keypress' [-Wunused-variable]
  127 |   char *keypress = NULL;
      |         ^~~~~~~~
../Core/Src/main.c:126:11: warning: unused variable 'level' [-Wunused-variable]
  126 |   uint8_t level = 0 ;
      |           ^~~~~
../Core/Src/main.c: At top level:
../Core/Src/main.c:24:13: warning: 'MX_GPIO_Init' used but never defined
   24 | static void MX_GPIO_Init(void);
      |             ^~~~~~~~~~~~
../Core/Src/main.c:25:13: warning: 'MX_SPI1_Init' used but never defined
   25 | static void MX_SPI1_Init(void);
      |             ^~~~~~~~~~~~
../Core/Src/main.c:26:23: warning: 'TestImage' defined but not used [-Wunused-const-variable=]
   26 | static const uint16_t TestImage [] ={
      |                       ^~~~~~~~~
arm-none-eabi-gcc -o "COMPLEXCALBLACKPILL.elf" @"objects.list"   -mcpu=cortex-m4 -T"/home/kevin/STM32CubeIDE/workspace2/COMPLEXCALBLACKPILL/STM32F411CEUX_FLASH.ld" --specs=nosys.specs -Wl,-Map="COMPLEXCALBLACKPILL.map" -Wl,--gc-sections -static --specs=nano.specs -mfpu=fpv4-sp-d16 -mfloat-abi=hard -mthumb -Wl,--start-group -lc -lm -Wl,--end-group
/opt/st/stm32cubeide_1.19.0/plugins/com.st.stm32cube.ide.mcu.externaltools.gnu-tools-for-stm32.13.3.rel1.linux64_1.0.0.202410170706/tools/bin/../lib/gcc/arm-none-eabi/13.3.1/../../../../arm-none-eabi/bin/ld: ./Core/Src/main.o: in function `main':
/home/kevin/STM32CubeIDE/workspace2/COMPLEXCALBLACKPILL/Debug/../Core/Src/main.c:121:(.text.main+0x16): undefined reference to `confRCC'
collect2: error: ld returned 1 exit status
make: *** [makefile:64: COMPLEXCALBLACKPILL.elf] Error 1
"make -j8 all" terminated with exit code 2. Build might be incomplete.

14:44:28 Build Failed. 2 errors, 8 warnings. (took 814ms)

